<?xml version='1.0' encoding='UTF-8'?>
<hotspot_log version='160 1' process='15288' time_ms='1739254506705'>
<vm_version>
<name>
Java HotSpot(TM) 64-Bit Server VM
</name>
<release>
23.0.1+11-39
</release>
<info>
Java HotSpot(TM) 64-Bit Server VM (23.0.1+11-39) for windows-amd64 JRE (23.0.1+11-39), built on 2024-09-30T07:20:43Z with MS VC++ 17.6 (VS2022)
</info>
</vm_version>
<vm_arguments>
<args>
-agentlib:jdwp=transport=dt_socket,address=127.0.0.1:53063,suspend=y,server=n -ea -javaagent:D:/apache-maven-3.9.9/mvn_repo/org/mockito/mockito-core/5.14.2/mockito-core-5.14.2.jar -XX:+IgnoreUnrecognizedVMOptions -XX:+UnlockDiagnosticVMOptions -XX:+LogVMOutput -XX:LogFile=./vm.log -Xshare:off -agentpath:D:\coverage\idea_libasyncProfiler_dll_temp_folder74\libasyncProfiler.dll=version,jfr,event=wall,interval=10ms,cstack=no,file=C:\Users\Tom\IdeaSnapshots\JwtTest_testParseJWT_2025_02_11_141506.jfr,dbghelppath=D:\coverage\idea_dbghelp_dll_temp_folder2\dbghelp.dll,log=D:\coverage\JwtTest_testParseJWT_2025_02_11_141506.jfr.log.txt,logLevel=DEBUG -Didea.test.cyclic.buffer.size=1048576 -javaagent:C:\Users\Tom\AppData\Local\JetBrains\IntelliJIdea2024.3\captureAgent\debugger-agent.jar -Dkotlinx.coroutines.debug.enable.creation.stack.trace=false -Ddebugger.agent.enable.coroutines=true -Dkotlinx.coroutines.debug.enable.flows.stack.trace=true -Dkotlinx.coroutines.debug.enable.mutable.state.flows.stack.trace=true -Dfile.encoding=UTF-8 -Dsun.stdout.encoding=UTF-8 -Dsun.stderr.encoding=UTF-8 </args>
<command>
com.intellij.rt.junit.JUnitStarter -ideVersion5 -junit5 com.itheima.JwtTest,testParseJWT
</command>
<launcher>
SUN_STANDARD
</launcher>
<properties>
java.vm.specification.name=Java Virtual Machine Specification
java.vm.version=23.0.1+11-39
java.vm.name=Java HotSpot(TM) 64-Bit Server VM
jdk.debug=release
sun.boot.library.path=E:\jdk-23.0.1\bin
java.library.path=E:\jdk-23.0.1\bin;C:\WINDOWS\Sun\Java\bin;C:\WINDOWS\system32;C:\WINDOWS;C:\Program Files\Common Files\Oracle\Java\javapath;E:\VM\bin\;E:\jdk-23.0.1\bin;C:\Windows\system32;C:\Windows;C:\Windows\System32\Wbem;C:\Windows\System32\WindowsPowerShell\v1.0\;C:\Windows\System32\OpenSSH\;C:\Program Files (x86)\Microsoft SQL Server\100\Tools\Binn\;C:\Program Files\Microsoft SQL Server\100\Tools\Binn\;C:\Program Files\Microsoft SQL Server\100\DTS\Binn\;C:\Program Files\NVIDIA Corporation\NVIDIA NvDLISR;C:\Program Files\Common Files\Autodesk Shared\;C:\Program Files (x86)\NVIDIA Corporation\PhysX\Common;C:\Program Files\dotnet\;C:\WINDOWS\system32;C:\WINDOWS;C:\WINDOWS\System32\Wbem;C:\WINDOWS\System32\WindowsPowerShell\v1.0\;C:\WINDOWS\System32\OpenSSH\;C:\Program Files (x86)\Microsoft SQL Server\100\Tools\Binn\VSShell\Common7\IDE\;C:\Program Files (x86)\Microsoft SQL Server\100\DTS\Binn\;C:\Program Files\Mullvad VPN\resources;E:\Microsoft VS Code\bin;E:\logisim-2.7.1-cn\jre;F:\MySQL\bin;C:\Program Files\NVIDIA Corporation\NVIDIA app\NvDLISR;D:\NodeJS\;C:\Program Files\Git\cmd;%OSS_ACCESS_KEY_ID%;%OSS_ACCESS_KEY_SECRET%;F:\MySQL\bin\;C:\Users\Tom\AppData\Local\Microsoft\WindowsApps;C:\Users\Tom\AppData\Roaming\npm;D:\apache-maven-3.9.9\bin;E:\jdk-23.0.1\bin;E:\jdk-23.0.1\bin;;D:\DataGrip 2024.3.3\bin;;.
java.home=E:\jdk-23.0.1
java.class.path=C:\Users\Tom\.m2\repository\org\junit\platform\junit-platform-launcher\1.11.4\junit-platform-launcher-1.11.4.jar;C:\Users\Tom\.m2\repository\org\junit\platform\junit-platform-engine\1.11.4\junit-platform-engine-1.11.4.jar;C:\Users\Tom\.m2\repository\org\opentest4j\opentest4j\1.3.0\opentest4j-1.3.0.jar;C:\Users\Tom\.m2\repository\org\junit\platform\junit-platform-commons\1.11.4\junit-platform-commons-1.11.4.jar;C:\Users\Tom\.m2\repository\org\apiguardian\apiguardian-api\1.1.2\apiguardian-api-1.1.2.jar;D:\IntelliJ IDEA 2024.3.1.1\lib\idea_rt.jar;D:\IntelliJ IDEA 2024.3.1.1\plugins\junit\lib\junit5-rt.jar;D:\IntelliJ IDEA 2024.3.1.1\plugins\junit\lib\junit-rt.jar;D:\code\java-web02\tlias-web-management\target\test-classes;D:\code\java-web02\tlias-web-management\target\classes;D:\apache-maven-3.9.9\mvn_repo\org\springframework\boot\spring-boot-starter-web\3.4.1\spring-boot-starter-web-3.4.1.jar;D:\apache-maven-3.9.9\mvn_repo\org\springframework\boot\spring-boot-starter\3.4.1\spring-boot-starter-3.4.1.jar;D:\apache-maven-3.9.9\mvn_repo\org\springframework\boot\spring-boot\3.4.1\spring-boot-3.4.1.jar;D:\apache-maven-3.9.9\mvn_repo\org\springframework\boot\spring-boot-autoconfigure\3.4.1\spring-boot-autoconfigure-3.4.1.jar;D:\apache-maven-3.9.9\mvn_repo\org\springframework\boot\spring-boot-starter-logging\3.4.1\spring-boot-starter-logging-3.4.1.jar;D:\apache-maven-3.9.9\mvn_repo\ch\qos\logback\logback-classic\1.5.12\logback-classic-1.5.12.jar;D:\apache-maven-3.9.9\mvn_repo\ch\qos\logback\logback-core\1.5.12\logback-core-1.5.12.jar;D:\apache-maven-3.9.9\mvn_repo\org\apache\logging\log4j\log4j-to-slf4j\2.24.3\log4j-to-slf4j-2.24.3.jar;D:\apache-maven-3.9.9\mvn_repo\org\apache\logging\log4j\log4j-api\2.24.3\log4j-api-2.24.3.jar;D:\apache-maven-3.9.9\mvn_repo\org\slf4j\jul-to-slf4j\2.0.16\jul-to-slf4j-2.0.16.jar;D:\apache-maven-3.9.9\mvn_repo\jakarta\annotation\jakarta.annotation-api\2.1.1\jakarta.annotation-api-2.1.1.jar;D:\apache-maven-3.9.9\mvn_repo\org\yaml\snakeyaml\2.3\snakeyaml-2.3.jar;D:\apache-maven-3.9.9\mvn_repo\org\springframework\boot\spring-boot-starter-json\3.4.1\spring-boot-starter-json-3.4.1.jar;D:\apache-maven-3.9.9\mvn_repo\com\fasterxml\jackson\datatype\jackson-datatype-jdk8\2.18.2\jackson-datatype-jdk8-2.18.2.jar;D:\apache-maven-3.9.9\mvn_repo\com\fasterxml\jackson\datatype\jackson-datatype-jsr310\2.18.2\jackson-datatype-jsr310-2.18.2.jar;D:\apache-maven-3.9.9\mvn_repo\com\fasterxml\jackson\module\jackson-module-parameter-names\2.18.2\jackson-module-parameter-names-2.18.2.jar;D:\apache-maven-3.9.9\mvn_repo\org\springframework\boot\spring-boot-starter-tomcat\3.4.1\spring-boot-starter-tomcat-3.4.1.jar;D:\apache-maven-3.9.9\mvn_repo\org\apache\tomcat\embed\tomcat-embed-core\10.1.34\tomcat-embed-core-10.1.34.jar;D:\apache-maven-3.9.9\mvn_repo\org\apache\tomcat\embed\tomcat-embed-el\10.1.34\tomcat-embed-el-10.1.34.jar;D:\apache-maven-3.9.9\mvn_repo\org\apache\tomcat\embed\tomcat-embed-websocket\10.1.34\tomcat-embed-websocket-10.1.34.jar;D:\apache-maven-3.9.9\mvn_repo\org\springframework\spring-web\6.2.1\spring-web-6.2.1.jar;D:\apache-maven-3.9.9\mvn_repo\org\springframework\spring-beans\6.2.1\spring-beans-6.2.1.jar;D:\apache-maven-3.9.9\mvn_repo\io\micrometer\micrometer-observation\1.14.2\micrometer-observation-1.14.2.jar;D:\apache-maven-3.9.9\mvn_repo\io\micrometer\micrometer-commons\1.14.2\micrometer-commons-1.14.2.jar;D:\apache-maven-3.9.9\mvn_repo\org\springframework\spring-webmvc\6.2.1\spring-webmvc-6.2.1.jar;D:\apache-maven-3.9.9\mvn_repo\org\springframework\spring-aop\6.2.1\spring-aop-6.2.1.jar;D:\apache-maven-3.9.9\mvn_repo\org\springframework\spring-context\6.2.1\spring-context-6.2.1.jar;D:\apache-maven-3.9.9\mvn_repo\org\springframework\spring-expression\6.2.1\spring-expression-6.2.1.jar;D:\apache-maven-3.9.9\mvn_repo\org\mybatis\spring\boot\mybatis-spring-boot-starter\3.0.4\mybatis-spring-boot-starter-3.0.4.jar;D:\apache-maven-3.9.9\mvn_repo\org\springframework\boot\spring-boot-starter-jdbc\3.4.1\spring-boot-starter-jdbc-3.4.1.jar;D:\apache-maven-3.9.9\mvn_repo\com\zaxxer\HikariCP\5.1.0\HikariCP-5.1.0.jar;D:\apache-maven-3.9.9\mvn_repo\org\springframework\spring-jdbc\6.2.1\spring-jdbc-6.2.1.jar;D:\apache-maven-3.9.9\mvn_repo\org\mybatis\spring\boot\mybatis-spring-boot-autoconfigure\3.0.4\mybatis-spring-boot-autoconfigure-3.0.4.jar;D:\apache-maven-3.9.9\mvn_repo\org\mybatis\mybatis\3.5.17\mybatis-3.5.17.jar;D:\apache-maven-3.9.9\mvn_repo\org\mybatis\mybatis-spring\3.0.4\mybatis-spring-3.0.4.jar;D:\apache-maven-3.9.9\mvn_repo\com\mysql\mysql-connector-j\9.1.0\mysql-connector-j-9.1.0.jar;D:\apache-maven-3.9.9\mvn_repo\org\projectlombok\lombok\1.18.36\lombok-1.18.36.jar;D:\apache-maven-3.9.9\mvn_repo\org\springframework\boot\spring-boot-starter-test\3.4.1\spring-boot-starter-test-3.4.1.jar;D:\apache-maven-3.9.9\mvn_repo\org\springframework\boot\spring-boot-test\3.4.1\spring-boot-test-3.4.1.jar;D:\apache-maven-3.9.9\mvn_repo\org\springframework\boot\spring-boot-test-autoconfigure\3.4.1\spring-boot-test-autoconfigure-3.4.1.jar;D:\apache-maven-3.9.9\mvn_repo\com\jayway\jsonpath\json-path\2.9.0\json-path-2.9.0.jar;D:\apache-maven-3.9.9\mvn_repo\org\slf4j\slf4j-api\2.0.16\slf4j-api-2.0.16.jar;D:\apache-maven-3.9.9\mvn_repo\jakarta\xml\bind\jakarta.xml.bind-api\4.0.2\jakarta.xml.bind-api-4.0.2.jar;D:\apache-maven-3.9.9\mvn_repo\jakarta\activation\jakarta.activation-api\2.1.3\jakarta.activation-api-2.1.3.jar;D:\apache-maven-3.9.9\mvn_repo\net\minidev\json-smart\2.5.1\json-smart-2.5.1.jar;D:\apache-maven-3.9.9\mvn_repo\net\minidev\accessors-smart\2.5.1\accessors-smart-2.5.1.jar;D:\apache-maven-3.9.9\mvn_repo\org\ow2\asm\asm\9.6\asm-9.6.jar;D:\apache-maven-3.9.9\mvn_repo\org\assertj\assertj-core\3.26.3\assertj-core-3.26.3.jar;D:\apache-maven-3.9.9\mvn_repo\net\bytebuddy\byte-buddy\1.15.11\byte-buddy-1.15.11.jar;D:\apache-maven-3.9.9\mvn_repo\org\awaitility\awaitility\4.2.2\awaitility-4.2.2.jar;D:\apache-maven-3.9.9\mvn_repo\org\hamcrest\hamcrest\2.2\hamcrest-2.2.jar;D:\apache-maven-3.9.9\mvn_repo\org\junit\jupiter\junit-jupiter\5.11.4\junit-jupiter-5.11.4.jar;D:\apache-maven-3.9.9\mvn_repo\org\junit\jupiter\junit-jupiter-api\5.11.4\junit-jupiter-api-5.11.4.jar;D:\apache-maven-3.9.9\mvn_repo\org\opentest4j\opentest4j\1.3.0\opentest4j-1.3.0.jar;D:\apache-maven-3.9.9\mvn_repo\org\junit\platform\junit-platform-commons\1.11.4\junit-platform-commons-1.11.4.jar;D:\apache-maven-3.9.9\mvn_repo\org\apiguardian\apiguardian-api\1.1.2\apiguardian-api-1.1.2.jar;D:\apache-maven-3.9.9\mvn_repo\org\junit\jupiter\junit-jupiter-params\5.11.4\junit-jupiter-params-5.11.4.jar;D:\apache-maven-3.9.9\mvn_repo\org\junit\jupiter\junit-jupiter-engine\5.11.4\junit-jupiter-engine-5.11.4.jar;D:\apache-maven-3.9.9\mvn_repo\org\junit\platform\junit-platform-engine\1.11.4\junit-platform-engine-1.11.4.jar;D:\apache-maven-3.9.9\mvn_repo\org\mockito\mockito-core\5.14.2\mockito-core-5.14.2.jar;D:\apache-maven-3.9.9\mvn_repo\net\bytebuddy\byte-buddy-agent\1.15.11\byte-buddy-agent-1.15.11.jar;D:\apache-maven-3.9.9\mvn_repo\org\objenesis\objenesis\3.3\objenesis-3.3.jar;D:\apache-maven-3.9.9\mvn_repo\org\mockito\mockito-junit-jupiter\5.14.2\mockito-junit-jupiter-5.14.2.jar;D:\apache-maven-3.9.9\mvn_repo\org\skyscreamer\jsonassert\1.5.3\jsonassert-1.5.3.jar;D:\apache-maven-3.9.9\mvn_repo\com\vaadin\external\google\android-json\0.0.20131108.vaadin1\android-json-0.0.20131108.vaadin1.jar;D:\apache-maven-3.9.9\mvn_repo\org\springframework\spring-core\6.2.1\spring-core-6.2.1.jar;D:\apache-maven-3.9.9\mvn_repo\org\springframework\spring-jcl\6.2.1\spring-jcl-6.2.1.jar;D:\apache-maven-3.9.9\mvn_repo\org\springframework\spring-test\6.2.1\spring-test-6.2.1.jar;D:\apache-maven-3.9.9\mvn_repo\org\xmlunit\xmlunit-core\2.10.0\xmlunit-core-2.10.0.jar;D:\apache-maven-3.9.9\mvn_repo\org\mybatis\spring\boot\mybatis-spring-boot-starter-test\3.0.4\mybatis-spring-boot-starter-test-3.0.4.jar;D:\apache-maven-3.9.9\mvn_repo\org\mybatis\spring\boot\mybatis-spring-boot-test-autoconfigure\3.0.4\mybatis-spring-boot-test-autoconfigure-3.0.4.jar;D:\apache-maven-3.9.9\mvn_repo\org\springframework\spring-tx\6.2.1\spring-tx-6.2.1.jar;D:\apache-maven-3.9.9\mvn_repo\com\github\pagehelper\pagehelper-spring-boot-starter\1.4.7\pagehelper-spring-boot-starter-1.4.7.jar;D:\apache-maven-3.9.9\mvn_repo\com\github\pagehelper\pagehelper-spring-boot-autoconfigure\1.4.7\pagehelper-spring-boot-autoconfigure-1.4.7.jar;D:\apache-maven-3.9.9\mvn_repo\com\github\pagehelper\pagehelper\5.3.3\pagehelper-5.3.3.jar;D:\apache-maven-3.9.9\mvn_repo\com\github\jsqlparser\jsqlparser\4.5\jsqlparser-4.5.jar;D:\apache-maven-3.9.9\mvn_repo\com\aliyun\oss\aliyun-sdk-oss\3.18.0\aliyun-sdk-oss-3.18.0.jar;D:\apache-maven-3.9.9\mvn_repo\org\apache\httpcomponents\httpclient\4.5.13\httpclient-4.5.13.jar;D:\apache-maven-3.9.9\mvn_repo\org\apache\httpcomponents\httpcore\4.4.16\httpcore-4.4.16.jar;D:\apache-maven-3.9.9\mvn_repo\commons-logging\commons-logging\1.2\commons-logging-1.2.jar;D:\apache-maven-3.9.9\mvn_repo\commons-codec\commons-codec\1.17.1\commons-codec-1.17.1.jar;D:\apache-maven-3.9.9\mvn_repo\org\jdom\jdom2\2.0.6.1\jdom2-2.0.6.1.jar;D:\apache-maven-3.9.9\mvn_repo\org\codehaus\jettison\jettison\1.5.4\jettison-1.5.4.jar;D:\apache-maven-3.9.9\mvn_repo\com\aliyun\aliyun-java-sdk-core\4.5.10\aliyun-java-sdk-core-4.5.10.jar;D:\apache-maven-3.9.9\mvn_repo\com\google\code\gson\gson\2.11.0\gson-2.11.0.jar;D:\apache-maven-3.9.9\mvn_repo\com\google\errorprone\error_prone_annotations\2.27.0\error_prone_annotations-2.27.0.jar;D:\apache-maven-3.9.9\mvn_repo\org\jacoco\org.jacoco.agent\0.8.5\org.jacoco.agent-0.8.5-runtime.jar;D:\apache-maven-3.9.9\mvn_repo\org\ini4j\ini4j\0.5.4\ini4j-0.5.4.jar;D:\apache-maven-3.9.9\mvn_repo\io\opentracing\opentracing-api\0.33.0\opentracing-api-0.33.0.jar;D:\apache-maven-3.9.9\mvn_repo\io\opentracing\opentracing-util\0.33.0\opentracing-util-0.33.0.jar;D:\apache-maven-3.9.9\mvn_repo\io\opentracing\opentracing-noop\0.33.0\opentracing-noop-0.33.0.jar;D:\apache-maven-3.9.9\mvn_repo\com\aliyun\aliyun-java-sdk-ram\3.1.0\aliyun-java-sdk-ram-3.1.0.jar;D:\apache-maven-3.9.9\mvn_repo\com\aliyun\aliyun-java-sdk-kms\2.11.0\aliyun-java-sdk-kms-2.11.0.jar;D:\apache-maven-3.9.9\mvn_repo\javax\xml\bind\jaxb-api\2.4.0-b180830.0359\jaxb-api-2.4.0-b180830.0359.jar;D:\apache-maven-3.9.9\mvn_repo\javax\activation\javax.activation-api\1.2.0\javax.activation-api-1.2.0.jar;D:\apache-maven-3.9.9\mvn_repo\javax\activation\activation\1.1.1\activation-1.1.1.jar;D:\apache-maven-3.9.9\mvn_repo\org\glassfish\jaxb\jaxb-runtime\2.4.0-b180830.0438\jaxb-runtime-2.4.0-b180830.0438.jar;D:\apache-maven-3.9.9\mvn_repo\org\glassfish\jaxb\txw2\4.0.5\txw2-4.0.5.jar;D:\apache-maven-3.9.9\mvn_repo\com\sun\istack\istack-commons-runtime\4.1.2\istack-commons-runtime-4.1.2.jar;D:\apache-maven-3.9.9\mvn_repo\org\jvnet\staxex\stax-ex\2.1.0\stax-ex-2.1.0.jar;D:\apache-maven-3.9.9\mvn_repo\com\sun\xml\fastinfoset\FastInfoset\2.1.1\FastInfoset-2.1.1.jar;D:\apache-maven-3.9.9\mvn_repo\io\jsonwebtoken\jjwt\0.9.1\jjwt-0.9.1.jar;D:\apache-maven-3.9.9\mvn_repo\com\fasterxml\jackson\core\jackson-databind\2.18.2\jackson-databind-2.18.2.jar;D:\apache-maven-3.9.9\mvn_repo\com\fasterxml\jackson\core\jackson-annotations\2.18.2\jackson-annotations-2.18.2.jar;D:\apache-maven-3.9.9\mvn_repo\com\fasterxml\jackson\core\jackson-core\2.18.2\jackson-core-2.18.2.jar
java.vm.info=mixed mode, sharing
java.vm.specification.vendor=Oracle Corporation
java.vm.specification.version=23
java.vm.vendor=Oracle Corporation
idea.test.cyclic.buffer.size=1048576
kotlinx.coroutines.debug.enable.creation.stack.trace=false
debugger.agent.enable.coroutines=true
kotlinx.coroutines.debug.enable.flows.stack.trace=true
kotlinx.coroutines.debug.enable.mutable.state.flows.stack.trace=true
file.encoding=UTF-8
sun.stdout.encoding=UTF-8
sun.stderr.encoding=UTF-8
sun.java.command=com.intellij.rt.junit.JUnitStarter -ideVersion5 -junit5 com.itheima.JwtTest,testParseJWT
sun.java.launcher=SUN_STANDARD
</properties>
</vm_arguments>
<tty>
<writer thread='11484'/>
<blob name='MethodHandlesAdapterBlob' total_size='4224'>
<sect index='1' capacity='4224' size='446' remaining='3778'/>
</blob>
<dependency_failed type='leaf_type' ctxk='java/util/HashMap' witness='java/util/LinkedHashMap' stamp='0.519'/>
<dependency_failed type='leaf_type' ctxk='java/util/HashMap' witness='java/util/LinkedHashMap' stamp='0.519'/>
<dependency_failed type='leaf_type' ctxk='java/util/HashMap' witness='java/util/LinkedHashMap' stamp='0.519'/>
<dependency_failed type='leaf_type' ctxk='java/io/IOException' witness='java/io/UnsupportedEncodingException' stamp='0.892'/>
<dependency_failed type='leaf_type' ctxk='java/util/WeakHashMap' witness='java/lang/ClassValue$ClassValueMap' stamp='0.907'/>
<dependency_failed type='unique_concrete_method_4' ctxk='java/util/LinkedHashMap' x='java.util.LinkedHashMap removeEldestEntry (Ljava/util/Map$Entry;)Z' x2='java/util/LinkedHashMap' x3='java.util.LinkedHashMap removeEldestEntry (Ljava/util/Map$Entry;)Z' witness='org/junit/platform/commons/util/LruCache' stamp='1.020'/>
<dependency_failed type='unique_concrete_method_4' ctxk='java/util/Comparator' x='java.lang.String$CaseInsensitiveComparator compare (Ljava/lang/Object;Ljava/lang/Object;)I' x2='java/util/Comparator' x3='java.util.Comparator compare (Ljava/lang/Object;Ljava/lang/Object;)I' witness='java/util/Comparator' stamp='1.028'/>
<dependency_failed type='leaf_type' ctxk='java/util/jar/JarFile' witness='sun/net/www/protocol/jar/URLJarFile' stamp='1.044'/>
<dependency_failed type='leaf_type' ctxk='java/util/jar/JarFile' witness='sun/net/www/protocol/jar/URLJarFile' stamp='1.044'/>
<dependency_failed type='leaf_type' ctxk='java/util/jar/JarFile' witness='sun/net/www/protocol/jar/URLJarFile' stamp='1.044'/>
<dependency_failed type='leaf_type' ctxk='java/util/jar/JarFile' witness='sun/net/www/protocol/jar/URLJarFile' stamp='1.044'/>
<dependency_failed type='leaf_type' ctxk='java/util/jar/JarFile' witness='sun/net/www/protocol/jar/URLJarFile' stamp='1.044'/>
<dependency_failed type='leaf_type' ctxk='java/util/ArrayList$Itr' witness='java/util/ArrayList$ListItr' stamp='1.391'/>
<dependency_failed type='leaf_type' ctxk='java/util/ArrayList$Itr' witness='java/util/ArrayList$ListItr' stamp='1.391'/>
<dependency_failed type='abstract_with_unique_concrete_subtype' ctxk='java/lang/CharacterData' x='java/lang/CharacterDataLatin1' witness='java/lang/CharacterData00' stamp='1.400'/>
<dependency_failed type='leaf_type' ctxk='java/util/zip/CRC32' witness='sun/util/calendar/ZoneInfoFile$Checksum' stamp='1.487'/>
<dependency_failed type='leaf_type' ctxk='java/util/zip/CRC32' witness='sun/util/calendar/ZoneInfoFile$Checksum' stamp='1.487'/>
<dependency_failed type='leaf_type' ctxk='java/util/zip/CRC32' witness='sun/util/calendar/ZoneInfoFile$Checksum' stamp='1.487'/>
<dependency_failed type='unique_concrete_method_4' ctxk='java/util/NavigableMap' x='java.util.TreeMap put (Ljava/lang/Object;Ljava/lang/Object;)Ljava/lang/Object;' x2='java/util/NavigableMap' x3='java.util.NavigableMap put (Ljava/lang/Object;Ljava/lang/Object;)Ljava/lang/Object;' witness='java/util/NavigableMap' stamp='1.703'/>
<dependency_failed type='leaf_type' ctxk='java/util/concurrent/ConcurrentHashMap' witness='com/fasterxml/jackson/core/util/InternCache' stamp='1.722'/>
<dependency_failed type='leaf_type' ctxk='java/util/concurrent/ConcurrentHashMap' witness='com/fasterxml/jackson/core/util/InternCache' stamp='1.722'/>
<dependency_failed type='leaf_type' ctxk='java/util/concurrent/ConcurrentHashMap' witness='com/fasterxml/jackson/core/util/InternCache' stamp='1.722'/>
<dependency_failed type='leaf_type' ctxk='java/util/concurrent/ConcurrentHashMap' witness='com/fasterxml/jackson/core/util/InternCache' stamp='1.722'/>
<dependency_failed type='leaf_type' ctxk='java/util/concurrent/ConcurrentHashMap' witness='com/fasterxml/jackson/core/util/InternCache' stamp='1.722'/>
<dependency_failed type='leaf_type' ctxk='java/util/concurrent/ConcurrentHashMap' witness='com/fasterxml/jackson/core/util/InternCache' stamp='1.722'/>
<dependency_failed type='leaf_type' ctxk='java/util/concurrent/ConcurrentHashMap' witness='com/fasterxml/jackson/core/util/InternCache' stamp='1.722'/>
<dependency_failed type='leaf_type' ctxk='java/util/concurrent/ConcurrentHashMap' witness='com/fasterxml/jackson/core/util/InternCache' stamp='1.722'/>
<dependency_failed type='leaf_type' ctxk='java/util/concurrent/ConcurrentHashMap' witness='com/fasterxml/jackson/core/util/InternCache' stamp='1.722'/>
<dependency_failed type='leaf_type' ctxk='java/util/Properties' witness='java/security/Provider' stamp='1.735'/>
<dependency_failed type='leaf_type' ctxk='java/util/Properties' witness='java/security/Provider' stamp='1.735'/>
<dependency_failed type='leaf_type' ctxk='java/util/Properties' witness='java/security/Provider' stamp='1.735'/>
<dependency_failed type='leaf_type' ctxk='java/util/Properties' witness='java/security/Provider' stamp='1.735'/>
<dependency_failed type='leaf_type' ctxk='java/io/ByteArrayOutputStream' witness='sun/security/util/DerOutputStream' stamp='1.817'/>
<dependency_failed type='unique_concrete_method_4' ctxk='java/nio/file/DirectoryStream$Filter' x='java.nio.file.Files$AcceptAllFilter accept (Ljava/lang/Object;)Z' x2='java/nio/file/DirectoryStream$Filter' x3='java.nio.file.DirectoryStream$Filter accept (Ljava/lang/Object;)Z' witness='java/nio/file/DirectoryStream$Filter' stamp='1.829'/>
<dependency_failed type='unique_concrete_method_4' ctxk='java/net/URLStreamHandler' x='java.net.URLStreamHandler getDefaultPort ()I' x2='java/net/URLStreamHandler' x3='java.net.URLStreamHandler getDefaultPort ()I' witness='sun/net/www/protocol/http/Handler' stamp='1.839'/>
<dependency_failed type='unique_concrete_method_4' ctxk='java/lang/AbstractStringBuilder' x='java.lang.StringBuilder length ()I' x2='java/lang/AbstractStringBuilder' x3='java.lang.AbstractStringBuilder length ()I' witness='java/lang/StringBuffer' stamp='1.849'/>
<dependency_failed type='unique_concrete_method_4' ctxk='java/lang/AbstractStringBuilder' x='java.lang.StringBuilder length ()I' x2='java/lang/AbstractStringBuilder' x3='java.lang.AbstractStringBuilder length ()I' witness='java/lang/StringBuffer' stamp='1.849'/>
<dependency_failed type='unique_concrete_method_4' ctxk='java/lang/AbstractStringBuilder' x='java.lang.StringBuilder length ()I' x2='java/lang/AbstractStringBuilder' x3='java.lang.AbstractStringBuilder length ()I' witness='java/lang/StringBuffer' stamp='1.849'/>
<dependency_failed type='unique_concrete_method_4' ctxk='java/lang/AbstractStringBuilder' x='java.lang.StringBuilder length ()I' x2='java/lang/AbstractStringBuilder' x3='java.lang.AbstractStringBuilder length ()I' witness='java/lang/StringBuffer' stamp='1.849'/>
<statistics type='deoptimization'>
Deoptimization traps recorded:
    99 (100.0%) total
  class_check/maybe_recompile/invokevirtual: 17 (17.2%)
  bimorphic_or_optimized_type_check/maybe_recompile/invokevirtual: 4 (4.0%)
                       constraint/none/nop: 54 (54.5%)
       predicate/maybe_recompile/if_icmpge: 1 (1.0%)
               unstable_if/reinterpret/nop: 22 (22.2%)
        unstable_fused_if/reinterpret/iflt: 1 (1.0%)
</statistics>
<tty_done stamp='1.929'/>
</tty>
<hotspot_log_done stamp='1.929'/>
</hotspot_log>
